<?xml version="1.0" encoding="UTF-8"?>
<!-- Generated by org.testng.reporters.JUnitXMLReporter -->
<testsuite ignored="0" hostname="Yeasin" failures="1" tests="1" name="Test(failed)" time="20.728" errors="0" timestamp="2024-09-18T22:18:51 EDT">
  <testcase classname="testCases.TC002_AccountLoginTest" name="verity_account_login" time="15.958">
    <failure type="java.lang.AssertionError" message="Login failed expected [true] but found [false]">
      <![CDATA[java.lang.AssertionError: Login failed expected [true] but found [false]
at testCases.TC002_AccountLoginTest.verity_account_login(TC002_AccountLoginTest.java:34)
at java.base/java.util.ArrayList.forEach(ArrayList.java:1511)
... Removed 33 stack frames]]>
    </failure>
  </testcase> <!-- verity_account_login -->
</testsuite> <!-- Test(failed) -->
